<?xml version="1.0" encoding="UTF-8"?>
<!-- Generated by org.testng.reporters.JUnitReportReporter -->
<testsuite hostname="DESKTOP-O9OR2BF" failures="0" tests="1" name="jsonschemaValidator.CommentsPost" time="6.446" errors="0" timestamp="2023-02-19T14:04:37 IST" skipped="0">
  <testcase classname="jsonschemaValidator.CommentsPost" name="commentPostval" time="6.446"/>
  <system-out/>
</testsuite> <!-- jsonschemaValidator.CommentsPost -->
