<?xml version="1.0" encoding="UTF-8"?>
<!-- Generated by org.testng.reporters.JUnitReportReporter -->
<testsuite hostname="DESKTOP-O9OR2BF" failures="0" tests="1" name="schemaValidator.JsonSchemaValidation" time="5.348" errors="0" timestamp="2023-01-01T07:27:06 IST" skipped="0">
  <testcase classname="schemaValidator.JsonSchemaValidation" name="jsonSchema" time="5.348"/>
  <system-out/>
</testsuite> <!-- schemaValidator.JsonSchemaValidation -->
