<?xml version="1.0" encoding="UTF-8"?>
<!-- Generated by org.testng.reporters.JUnitReportReporter -->
<testsuite hostname="DESKTOP-O9OR2BF" failures="0" tests="1" name="xmlschemaValidator.Secondxml" time="4.387" errors="0" timestamp="2023-02-12T11:36:54 IST" skipped="0">
  <testcase classname="xmlschemaValidator.Secondxml" name="menuValidate" time="4.387"/>
  <system-out/>
</testsuite> <!-- xmlschemaValidator.Secondxml -->
