<?xml version="1.0" encoding="UTF-8"?>
<!-- Generated by org.testng.reporters.JUnitReportReporter -->
<testsuite hostname="DESKTOP-O9OR2BF" failures="0" tests="1" name="apiCollection.FirstPostAPI" time="5.141" errors="0" timestamp="2023-02-18T14:36:05 IST" skipped="0">
  <testcase classname="apiCollection.FirstPostAPI" name="createUser" time="5.141"/>
  <system-out/>
</testsuite> <!-- apiCollection.FirstPostAPI -->
