<?xml version="1.0" encoding="UTF-8"?>
<!-- Generated by org.testng.reporters.JUnitReportReporter -->
<testsuite hostname="DESKTOP-O9OR2BF" failures="0" tests="1" name="xmlschemaValidator.Firstxml" time="5.682" errors="0" timestamp="2023-02-19T20:27:17 IST" skipped="0">
  <testcase classname="xmlschemaValidator.Firstxml" name="firstXML" time="5.682"/>
  <system-out/>
</testsuite> <!-- xmlschemaValidator.Firstxml -->
