<?xml version="1.0" encoding="UTF-8"?>
<!-- Generated by org.testng.reporters.JUnitReportReporter -->
<testsuite hostname="DESKTOP-O9OR2BF" failures="0" tests="1" name="apiCollection.PostReq_ExistingJsonFile" time="5.313" errors="0" timestamp="2023-02-19T20:04:37 IST" skipped="0">
  <testcase classname="apiCollection.PostReq_ExistingJsonFile" name="login" time="5.313"/>
  <system-out/>
</testsuite> <!-- apiCollection.PostReq_ExistingJsonFile -->
