<?xml version="1.0" encoding="UTF-8"?>
<!-- Generated by org.testng.reporters.JUnitReportReporter -->
<testsuite hostname="DESKTOP-O9OR2BF" failures="0" tests="1" name="getDataFromApi.RegionList" time="20.226" errors="0" timestamp="2023-02-19T13:28:10 IST" skipped="0">
  <testcase classname="getDataFromApi.RegionList" name="getRegionList" time="20.226"/>
  <system-out/>
</testsuite> <!-- getDataFromApi.RegionList -->
