<?xml version="1.0" encoding="UTF-8"?>
<!-- Generated by org.testng.reporters.JUnitReportReporter -->
<testsuite hostname="DESKTOP-O9OR2BF" failures="0" tests="1" name="apiCollection.PostReq_OrgJson" time="63.716" errors="0" timestamp="2023-02-18T19:06:41 IST" skipped="0">
  <testcase classname="apiCollection.PostReq_OrgJson" name="register" time="63.716"/>
  <system-out/>
</testsuite> <!-- apiCollection.PostReq_OrgJson -->
