<?xml version="1.0" encoding="UTF-8"?>
<!-- Generated by org.testng.reporters.JUnitReportReporter -->
<testsuite hostname="DESKTOP-O9OR2BF" failures="0" tests="1" name="getDataFromApi.EmployeeList" time="23.822" errors="0" timestamp="2023-02-21T09:09:52 IST" skipped="0">
  <testcase classname="getDataFromApi.EmployeeList" name="empList" time="23.822"/>
  <system-out/>
</testsuite> <!-- getDataFromApi.EmployeeList -->
