<?xml version="1.0" encoding="UTF-8"?>
<!-- Generated by org.testng.reporters.JUnitReportReporter -->
<testsuite hostname="DESKTOP-O9OR2BF" failures="0" tests="1" name="jsonschemaValidator.UserLists" time="5.920" errors="0" timestamp="2023-02-19T14:05:22 IST" skipped="0">
  <testcase classname="jsonschemaValidator.UserLists" name="userListjsonSchema" time="5.920"/>
  <system-out/>
</testsuite> <!-- jsonschemaValidator.UserLists -->
