<?xml version="1.0" encoding="UTF-8"?>
<!-- Generated by org.testng.reporters.JUnitReportReporter -->
<testsuite hostname="DESKTOP-O9OR2BF" failures="0" tests="1" name="jsonschemaValidator.CreateUser" time="6.130" errors="0" timestamp="2023-02-19T14:04:56 IST" skipped="0">
  <testcase classname="jsonschemaValidator.CreateUser" name="createUserjsonSchema" time="6.130"/>
  <system-out/>
</testsuite> <!-- jsonschemaValidator.CreateUser -->
