<?xml version="1.0" encoding="UTF-8"?>
<!-- Generated by org.testng.reporters.JUnitReportReporter -->
<testsuite hostname="DESKTOP-O9OR2BF" failures="0" tests="1" name="praticePacakge.PostReq_POJO1" time="22.436" errors="0" timestamp="2023-02-18T21:11:46 IST" skipped="0">
  <testcase classname="praticePacakge.PostReq_POJO1" name="roleViseMenu" time="22.436"/>
  <system-out/>
</testsuite> <!-- praticePacakge.PostReq_POJO1 -->
