<?xml version="1.0" encoding="UTF-8"?>
<!-- Generated by org.testng.reporters.JUnitReportReporter -->
<testsuite hostname="DESKTOP-O9OR2BF" failures="0" tests="1" name="praticePacakge.PostReq_OrgJson" time="29.986" errors="0" timestamp="2023-02-19T09:17:50 IST" skipped="0">
  <testcase classname="praticePacakge.PostReq_OrgJson" name="login" time="29.986"/>
  <system-out/>
</testsuite> <!-- praticePacakge.PostReq_OrgJson -->
