<?xml version="1.0" encoding="UTF-8"?>
<!-- Generated by org.testng.reporters.JUnitReportReporter -->
<testsuite hostname="DESKTOP-O9OR2BF" failures="0" tests="4" name="apiCollection.FirstAPI" time="6.404" errors="0" timestamp="2023-01-29T20:45:24 IST" skipped="3">
  <testcase classname="apiCollection.FirstAPI" name="getMethod4" time="6.404"/>
  <system-out/>
  <testcase classname="apiCollection.FirstAPI" name="getMethod">
    <skipped/>
  </testcase> <!-- getMethod -->
  <system-out/>
  <testcase classname="apiCollection.FirstAPI" name="getMethod3">
    <skipped/>
  </testcase> <!-- getMethod3 -->
  <system-out/>
  <testcase classname="apiCollection.FirstAPI" name="getMethod2">
    <skipped/>
  </testcase> <!-- getMethod2 -->
  <system-out/>
</testsuite> <!-- apiCollection.FirstAPI -->
